  compilation object save succeeded; see C:\Users\Sohta\OneDrive\ドキュメント\AX201\Assets\Shader\GeometryPS.cso
  compilation object save succeeded; see C:\Users\Sohta\OneDrive\ドキュメント\AX201\Assets\Shader\ModelPS.cso
  compilation object save succeeded; see C:\Users\Sohta\OneDrive\ドキュメント\AX201\Assets\Shader\ModelVS.cso
  compilation object save succeeded; see C:\Users\Sohta\OneDrive\ドキュメント\AX201\Assets\Shader\UIVS.cso
  AABBCollider.cpp
c:\users\sohta\onedrive\ドキュメント\ax201\float3.h(165): warning C4244: '引数': 'double' から 'float' への変換です。データが失われる可能性があります。
c:\users\sohta\onedrive\ドキュメント\ax201\aabbcollider.h(17): fatal error C1083: include ファイルを開けません。'ColliderBase.h':No such file or directory
  ArrowController.cpp
c:\users\sohta\onedrive\ドキュメント\ax201\arrowcontroller.h(4): fatal error C1083: include ファイルを開けません。'ComponentBase.h':No such file or directory
  BlendState.cpp
c1xx : fatal error C1083: ソース ファイルを開けません。'BlendState.cpp':No such file or directory
  Camera.cpp
c1xx : fatal error C1083: ソース ファイルを開けません。'Camera.cpp':No such file or directory
  CameraDebug.cpp
c1xx : fatal error C1083: ソース ファイルを開けません。'CameraDebug.cpp':No such file or directory
  CameraObjBase.cpp
c1xx : fatal error C1083: ソース ファイルを開けません。'CameraObjBase.cpp':No such file or directory
  CameraPlayer.cpp
c1xx : fatal error C1083: ソース ファイルを開けません。'CameraPlayer.cpp':No such file or directory
  ColliderBase.cpp
c1xx : fatal error C1083: ソース ファイルを開けません。'ColliderBase.cpp':No such file or directory
  ColliderManager.cpp
c1xx : fatal error C1083: ソース ファイルを開けません。'ColliderManager.cpp':No such file or directory
  ComponentBase.cpp
c1xx : fatal error C1083: ソース ファイルを開けません。'ComponentBase.cpp':No such file or directory
  ConstantBuffer.cpp
c1xx : fatal error C1083: ソース ファイルを開けません。'ConstantBuffer.cpp':No such file or directory
  Debug.cpp
c1xx : fatal error C1083: ソース ファイルを開けません。'Debug.cpp':No such file or directory
  DirectX.cpp
c1xx : fatal error C1083: ソース ファイルを開けません。'DirectX.cpp':No such file or directory
  Texture.cpp
  EnemyController.cpp
c:\users\sohta\onedrive\ドキュメント\ax201\enemycontroller.h(4): fatal error C1083: include ファイルを開けません。'ComponentBase.h':No such file or directory
  Game3D.cpp
c:\users\sohta\onedrive\ドキュメント\ax201\game3d.h(4): fatal error C1083: include ファイルを開けません。'CameraObjBase.h':No such file or directory
  Input.cpp
  Main.cpp
c:\users\sohta\onedrive\ドキュメント\ax201\main.cpp(2): fatal error C1083: include ファイルを開けません。'DirectX.h':No such file or directory
  MeshBuffer.cpp
c:\users\sohta\onedrive\ドキュメント\ax201\meshbuffer.h(4): fatal error C1083: include ファイルを開けません。'DirectX.h':No such file or directory
  ObjectBase.cpp
c:\users\sohta\onedrive\ドキュメント\ax201\objectbase.h(9): fatal error C1083: include ファイルを開けません。'ComponentBase.h':No such file or directory
  コードを生成中...
  コンパイル中...
  ObjectManager.cpp
c:\users\sohta\onedrive\ドキュメント\ax201\objectbase.h(9): fatal error C1083: include ファイルを開けません。'ComponentBase.h':No such file or directory
  PlayerController.cpp
c:\users\sohta\onedrive\ドキュメント\ax201\playercontroller.h(4): fatal error C1083: include ファイルを開けません。'ComponentBase.h':No such file or directory
  Rigidbody.cpp
c:\users\sohta\onedrive\ドキュメント\ax201\rigidbody.h(4): fatal error C1083: include ファイルを開けません。'ComponentBase.h':No such file or directory
  SamplerState.cpp
c:\users\sohta\onedrive\ドキュメント\ax201\samplerstate.h(4): fatal error C1083: include ファイルを開けません。'DirectX.h':No such file or directory
  SceneBase.cpp
  SceneGame01.cpp
c:\users\sohta\onedrive\ドキュメント\ax201\shader.h(4): fatal error C1083: include ファイルを開けません。'DirectX.h':No such file or directory
  SceneManager.cpp
c:\users\sohta\onedrive\ドキュメント\ax201\objectbase.h(9): fatal error C1083: include ファイルを開けません。'ComponentBase.h':No such file or directory
  SceneTitle.cpp
c:\users\sohta\onedrive\ドキュメント\ax201\scenetitle.cpp(2): fatal error C1083: include ファイルを開けません。'CameraObjBase.h':No such file or directory
  Shader.cpp
c:\users\sohta\onedrive\ドキュメント\ax201\shader.h(4): fatal error C1083: include ファイルを開けません。'DirectX.h':No such file or directory
  MeshRenderer.cpp
c:\users\sohta\onedrive\ドキュメント\ax201\shader.h(4): fatal error C1083: include ファイルを開けません。'DirectX.h':No such file or directory
  SpriteRenderer.cpp
c:\users\sohta\onedrive\ドキュメント\ax201\spriterenderer.h(4): fatal error C1083: include ファイルを開けません。'ComponentBase.h':No such file or directory
  StartUp.cpp
  Timer.cpp
c:\users\sohta\onedrive\ドキュメント\ax201\timer.cpp(26): warning C4244: '=': 'DWORD' から 'Time' への変換です。データが失われる可能性があります。
  Transform.cpp
c:\users\sohta\onedrive\ドキュメント\ax201\transform.h(4): fatal error C1083: include ファイルを開けません。'ComponentBase.h':No such file or directory
  VertexBuffer.cpp
c:\users\sohta\onedrive\ドキュメント\ax201\vertexbuffer.cpp(1): fatal error C1083: include ファイルを開けません。'DirectX.h':No such file or directory
  WinUtil.cpp
  XInput.cpp
  コードを生成中...
